# JRE version: OpenJDK Runtime Environment (8.0_242-b01) (build 1.8.0_242-release-1644-b01)
# Java VM: OpenJDK 64-Bit Server VM (25.242-b01 mixed mode windows-amd64 compressed oops)
Heap:
 PSYoungGen      total 325120K, used 192540K [0x00000000d5580000, 0x00000000ee400000, 0x0000000100000000)
  eden space 266240K, 58% used [0x00000000d5580000,0x00000000dec9d600,0x00000000e5980000)
  from space 58880K, 64% used [0x00000000e9500000,0x00000000eb9e9c90,0x00000000ece80000)
  to   space 60928K, 0% used [0x00000000e5980000,0x00000000e5980000,0x00000000e9500000)
 ParOldGen       total 398336K, used 95295K [0x0000000080000000, 0x0000000098500000, 0x00000000d5580000)
  object space 398336K, 23% used [0x0000000080000000,0x0000000085d0fe38,0x0000000098500000)
 Metaspace       used 96874K, capacity 102660K, committed 104524K, reserved 1140736K
  class space    used 12867K, capacity 13976K, committed 14208K, reserved 1048576K
GC Heap History (10 events):
Event: 56.557 GC heap before
{Heap before GC invocations=16 (full 3):
 PSYoungGen      total 228864K, used 228851K [0x00000000d5580000, 0x00000000e5500000, 0x0000000100000000)
  eden space 208384K, 100% used [0x00000000d5580000,0x00000000e2100000,0x00000000e2100000)
  from space 20480K, 99% used [0x00000000e3900000,0x00000000e4cfcc78,0x00000000e4d00000)
  to   space 24576K, 0% used [0x00000000e2100000,0x00000000e2100000,0x00000000e3900000)
 ParOldGen       total 241664K, used 39233K [0x0000000080000000, 0x000000008ec00000, 0x00000000d5580000)
  object space 241664K, 16% used [0x0000000080000000,0x0000000082650488,0x000000008ec00000)
 Metaspace       used 82848K, capacity 88260K, committed 88408K, reserved 1126400K
  class space    used 11113K, capacity 12080K, committed 12160K, reserved 1048576K
Event: 56.577 GC heap after
Heap after GC invocations=16 (full 3):
 PSYoungGen      total 232960K, used 24564K [0x00000000d5580000, 0x00000000e7a80000, 0x0000000100000000)
  eden space 208384K, 0% used [0x00000000d5580000,0x00000000d5580000,0x00000000e2100000)
  from space 24576K, 99% used [0x00000000e2100000,0x00000000e38fd2f0,0x00000000e3900000)
  to   space 31744K, 0% used [0x00000000e5b80000,0x00000000e5b80000,0x00000000e7a80000)
 ParOldGen       total 241664K, used 49695K [0x0000000080000000, 0x000000008ec00000, 0x00000000d5580000)
  object space 241664K, 20% used [0x0000000080000000,0x0000000083087d58,0x000000008ec00000)
 Metaspace       used 82848K, capacity 88260K, committed 88408K, reserved 1126400K
  class space    used 11113K, capacity 12080K, committed 12160K, reserved 1048576K
}
Event: 123.520 GC heap before
{Heap before GC invocations=17 (full 3):
 PSYoungGen      total 232960K, used 232948K [0x00000000d5580000, 0x00000000e7a80000, 0x0000000100000000)
  eden space 208384K, 100% used [0x00000000d5580000,0x00000000e2100000,0x00000000e2100000)
  from space 24576K, 99% used [0x00000000e2100000,0x00000000e38fd2f0,0x00000000e3900000)
  to   space 31744K, 0% used [0x00000000e5b80000,0x00000000e5b80000,0x00000000e7a80000)
 ParOldGen       total 241664K, used 49695K [0x0000000080000000, 0x000000008ec00000, 0x00000000d5580000)
  object space 241664K, 20% used [0x0000000080000000,0x0000000083087d58,0x000000008ec00000)
 Metaspace       used 87034K, capacity 93186K, committed 93400K, reserved 1130496K
  class space    used 11632K, capacity 12721K, committed 12800K, reserved 1048576K
Event: 123.543 GC heap after
Heap after GC invocations=17 (full 3):
 PSYoungGen      total 259584K, used 31724K [0x00000000d5580000, 0x00000000e8600000, 0x0000000100000000)
  eden space 227840K, 0% used [0x00000000d5580000,0x00000000d5580000,0x00000000e3400000)
  from space 31744K, 99% used [0x00000000e5b80000,0x00000000e7a7b050,0x00000000e7a80000)
  to   space 40448K, 0% used [0x00000000e3400000,0x00000000e3400000,0x00000000e5b80000)
 ParOldGen       total 241664K, used 61759K [0x0000000080000000, 0x000000008ec00000, 0x00000000d5580000)
  object space 241664K, 25% used [0x0000000080000000,0x0000000083c4fce0,0x000000008ec00000)
 Metaspace       used 87034K, capacity 93186K, committed 93400K, reserved 1130496K
  class space    used 11632K, capacity 12721K, committed 12800K, reserved 1048576K
}
Event: 124.543 GC heap before
{Heap before GC invocations=18 (full 3):
 PSYoungGen      total 259584K, used 244100K [0x00000000d5580000, 0x00000000e8600000, 0x0000000100000000)
  eden space 227840K, 93% used [0x00000000d5580000,0x00000000e24e62f0,0x00000000e3400000)
  from space 31744K, 99% used [0x00000000e5b80000,0x00000000e7a7b050,0x00000000e7a80000)
  to   space 40448K, 0% used [0x00000000e3400000,0x00000000e3400000,0x00000000e5b80000)
 ParOldGen       total 241664K, used 61759K [0x0000000080000000, 0x000000008ec00000, 0x00000000d5580000)
  object space 241664K, 25% used [0x0000000080000000,0x0000000083c4fce0,0x000000008ec00000)
 Metaspace       used 91181K, capacity 98164K, committed 98380K, reserved 1134592K
  class space    used 12258K, capacity 13440K, committed 13440K, reserved 1048576K
Event: 124.578 GC heap after
Heap after GC invocations=18 (full 3):
 PSYoungGen      total 268288K, used 40423K [0x00000000d5580000, 0x00000000ece80000, 0x0000000100000000)
  eden space 227840K, 0% used [0x00000000d5580000,0x00000000d5580000,0x00000000e3400000)
  from space 40448K, 99% used [0x00000000e3400000,0x00000000e5b79e60,0x00000000e5b80000)
  to   space 58880K, 0% used [0x00000000e9500000,0x00000000e9500000,0x00000000ece80000)
 ParOldGen       total 241664K, used 95708K [0x0000000080000000, 0x000000008ec00000, 0x00000000d5580000)
  object space 241664K, 39% used [0x0000000080000000,0x0000000085d77188,0x000000008ec00000)
 Metaspace       used 91181K, capacity 98164K, committed 98380K, reserved 1134592K
  class space    used 12258K, capacity 13440K, committed 13440K, reserved 1048576K
}
Event: 124.578 GC heap before
{Heap before GC invocations=19 (full 4):
 PSYoungGen      total 268288K, used 40423K [0x00000000d5580000, 0x00000000ece80000, 0x0000000100000000)
  eden space 227840K, 0% used [0x00000000d5580000,0x00000000d5580000,0x00000000e3400000)
  from space 40448K, 99% used [0x00000000e3400000,0x00000000e5b79e60,0x00000000e5b80000)
  to   space 58880K, 0% used [0x00000000e9500000,0x00000000e9500000,0x00000000ece80000)
 ParOldGen       total 241664K, used 95708K [0x0000000080000000, 0x000000008ec00000, 0x00000000d5580000)
  object space 241664K, 39% used [0x0000000080000000,0x0000000085d77188,0x000000008ec00000)
 Metaspace       used 91181K, capacity 98164K, committed 98380K, reserved 1134592K
  class space    used 12258K, capacity 13440K, committed 13440K, reserved 1048576K
Event: 124.724 GC heap after
Heap after GC invocations=19 (full 4):
 PSYoungGen      total 268288K, used 0K [0x00000000d5580000, 0x00000000ece80000, 0x0000000100000000)
  eden space 227840K, 0% used [0x00000000d5580000,0x00000000d5580000,0x00000000e3400000)
  from space 40448K, 0% used [0x00000000e3400000,0x00000000e3400000,0x00000000e5b80000)
  to   space 58880K, 0% used [0x00000000e9500000,0x00000000e9500000,0x00000000ece80000)
 ParOldGen       total 398336K, used 95287K [0x0000000080000000, 0x0000000098500000, 0x00000000d5580000)
  object space 398336K, 23% used [0x0000000080000000,0x0000000085d0de38,0x0000000098500000)
 Metaspace       used 89836K, capacity 94268K, committed 98380K, reserved 1134592K
  class space    used 11817K, capacity 12662K, committed 13440K, reserved 1048576K
}
Event: 125.417 GC heap before
{Heap before GC invocations=20 (full 4):
 PSYoungGen      total 268288K, used 227840K [0x00000000d5580000, 0x00000000ece80000, 0x0000000100000000)
  eden space 227840K, 100% used [0x00000000d5580000,0x00000000e3400000,0x00000000e3400000)
  from space 40448K, 0% used [0x00000000e3400000,0x00000000e3400000,0x00000000e5b80000)
  to   space 58880K, 0% used [0x00000000e9500000,0x00000000e9500000,0x00000000ece80000)
 ParOldGen       total 398336K, used 95287K [0x0000000080000000, 0x0000000098500000, 0x00000000d5580000)
  object space 398336K, 23% used [0x0000000080000000,0x0000000085d0de38,0x0000000098500000)
 Metaspace       used 95722K, capacity 101184K, committed 103500K, reserved 1138688K
  class space    used 12772K, capacity 13838K, committed 14208K, reserved 1048576K
Event: 125.445 GC heap after
Heap after GC invocations=20 (full 4):
 PSYoungGen      total 325120K, used 37799K [0x00000000d5580000, 0x00000000ee400000, 0x0000000100000000)
  eden space 266240K, 0% used [0x00000000d5580000,0x00000000d5580000,0x00000000e5980000)
  from space 58880K, 64% used [0x00000000e9500000,0x00000000eb9e9c90,0x00000000ece80000)
  to   space 60928K, 0% used [0x00000000e5980000,0x00000000e5980000,0x00000000e9500000)
 ParOldGen       total 398336K, used 95295K [0x0000000080000000, 0x0000000098500000, 0x00000000d5580000)
  object space 398336K, 23% used [0x0000000080000000,0x0000000085d0fe38,0x0000000098500000)
 Metaspace       used 95722K, capacity 101184K, committed 103500K, reserved 1138688K
  class space    used 12772K, capacity 13838K, committed 14208K, reserved 1048576K
}

